\BOOKMARK [1][-]{section*.1}{\376\377\000E\000t\000a\000p\000\040\0001}{}% 1
\BOOKMARK [1][-]{section.1}{\376\377\000S\000f\000o\000r\000m\000u\001\102\000o\000w\000a\000n\000i\000e\000\040\000m\000a\000t\000e\000m\000a\000t\000y\000c\000z\000n\000e\000\040\000z\000a\000d\000a\000n\000i\000a\000\040\000o\000p\000t\000y\000m\000a\000l\000i\000z\000a\000c\000j\000i}{}% 2
\BOOKMARK [2][-]{subsection.1.1}{\376\377\000O\000p\000t\000y\000m\000a\000l\000i\000z\000a\000c\000j\000a\000\040\000j\000e\000d\000n\000o\000k\000r\000y\000t\000e\000r\000i\000a\000l\000n\000a}{section.1}% 3
\BOOKMARK [2][-]{subsection.1.2}{\376\377\000O\000p\000t\000y\000m\000a\000l\000i\000z\000a\000c\000j\000a\000\040\000w\000i\000e\000l\000o\000k\000r\000y\000t\000e\000r\000i\000a\000l\000n\000a}{section.1}% 4
\BOOKMARK [1][-]{section.2}{\376\377\000W\000y\000z\000n\000a\000c\000z\000e\000n\000i\000e\000\040\000p\000r\000z\000y\000b\000l\000i\001\174\000e\000n\000i\000a\000\040\000p\000o\000c\000z\001\005\000t\000k\000o\000w\000e\000g\000o\000\040\000r\000o\000z\000w\000i\001\005\000z\000a\000n\000i\000a}{}% 5
\BOOKMARK [1][-]{section.3}{\376\377\000W\000y\000z\000n\000a\000c\000z\000a\000n\000i\000e\000\040\000p\000a\000r\000a\000m\000e\000t\000r\000\363\000w\000\040\000r\000o\000b\000o\000c\000z\000y\000c\000h\000,\000\040\000g\001\102\000a\000d\000k\000o\001\133\001\007\000\040\000f\000u\000n\000k\000c\000j\000i\000\040\000c\000e\000l\000u\000,\000\040\000o\000p\000i\000s\000\040\000k\000o\000d\000u}{}% 6
\BOOKMARK [2][-]{subsection.3.1}{\376\377\000W\000y\000z\000n\000a\000c\000z\000a\000n\000i\000e\000\040\000p\000a\000r\000a\000m\000e\000t\000r\000\363\000w\000\040\000r\000o\000b\000o\000c\000z\000y\000c\000h}{section.3}% 7
\BOOKMARK [2][-]{subsection.3.2}{\376\377\000G\001\102\000a\000d\000k\000o\001\133\001\007\000\040\000f\000u\000n\000k\000c\000j\000i\000\040\000c\000e\000l\000u\000\040\000i\000\040\000o\000g\000r\000a\000n\000i\000c\000z\000e\001\104}{section.3}% 8
\BOOKMARK [2][-]{subsection.3.3}{\376\377\000O\000p\000i\000s\000\040\000k\000o\000d\000u}{section.3}% 9
\BOOKMARK [1][-]{section.4}{\376\377\000P\000r\000o\000p\000o\000z\000y\000c\000j\000a\000\040\000r\000o\000z\000w\000i\001\005\000z\000a\000n\000i\000a\000\040\000n\000u\000m\000e\000r\000y\000c\000z\000n\000e\000g\000o}{}% 10
\BOOKMARK [2][-]{subsection.4.1}{\376\377\000A\000l\000g\000o\000r\000y\000t\000m\000,\000\040\000s\000k\000a\000l\000o\000w\000a\000n\000i\000e}{section.4}% 11
\BOOKMARK [1][-]{section*.9}{\376\377\000E\000t\000a\000p\000\040\0002}{}% 12
\BOOKMARK [1][-]{section.5}{\376\377\000O\000p\000t\000y\000m\000a\000l\000i\000z\000a\000c\000j\000a}{}% 13
\BOOKMARK [2][-]{subsection.5.1}{\376\377\000O\000c\000e\000n\000a\000\040\000p\000o\000p\000r\000a\000w\000n\000o\001\133\000c\000i\000\040\000z\000a\001\102\000o\001\174\000e\001\104}{section.5}% 14
\BOOKMARK [3][-]{subsubsection.5.1.1}{\376\377\000F\000u\000n\000k\000c\000j\000e\000\040\000c\000e\000l\000u\000\040\000i\000\040\000o\000g\000r\000a\000n\000i\000c\000z\000e\001\104\000,\000\040\000s\000k\000a\000l\000o\000w\000a\000n\000i\000e\000,\000\040\000d\000o\000k\001\102\000a\000d\000n\000o\001\133\001\007\000\040\000i\000\040\000g\001\102\000a\000d\000k\000o\001\133\001\007}{subsection.5.1}% 15
\BOOKMARK [3][-]{subsubsection.5.1.2}{\376\377\000W\000y\000b\000r\000a\000n\000e\000\040\000a\000l\000g\000o\000r\000y\000t\000m\000y\000\040\000o\000p\000t\000y\000m\000a\000l\000i\000z\000a\000c\000j\000i}{subsection.5.1}% 16
\BOOKMARK [3][-]{subsubsection.5.1.3}{\376\377\000W\000y\000k\000o\000r\000z\000y\000s\000t\000a\000n\000e\000\040\000o\000p\000c\000j\000e\000\040\000d\000l\000a\000\040\000a\000l\000g\000o\000r\000y\000t\000m\000\363\000w}{subsection.5.1}% 17
\BOOKMARK [2][-]{subsection.5.2}{\376\377\000P\000o\000d\000s\000u\000m\000o\000w\000a\000n\000i\000e\000\040\000p\000r\000z\000e\000b\000i\000e\000g\000u\000\040\000o\000p\000t\000y\000m\000a\000l\000i\000z\000a\000c\000j\000i}{section.5}% 18
\BOOKMARK [3][-]{subsubsection.5.2.1}{\376\377\000O\000p\000t\000y\000m\000a\000l\000i\000z\000a\000c\000j\000a\000\040\000j\000e\000d\000n\000o\000k\000r\000y\000t\000e\000r\000i\000a\000l\000n\000a}{subsection.5.2}% 19
\BOOKMARK [3][-]{subsubsection.5.2.2}{\376\377\000O\000p\000t\000y\000m\000a\000l\000i\000z\000a\000c\000j\000a\000\040\000w\000i\000e\000l\000o\000k\000r\000y\000t\000e\000r\000i\000a\000l\000n\000a}{subsection.5.2}% 20
\BOOKMARK [1][-]{section.6}{\376\377\000G\000r\000a\000f\000i\000k\000i\000\040\000w\000\040\000w\000y\000s\000o\000k\000i\000e\000j\000\040\000r\000o\000z\000d\000z\000i\000e\000l\000c\000z\000o\001\133\000c\000i\000.}{}% 21
